<?xml version="1.0" encoding="UTF-8"?>
<!-- Generated by org.testng.reporters.JUnitReportReporter -->
<testsuite hostname="Ravi" name="wibmo.app.testScripts.IAP_Payment.SampleIAP" tests="1" failures="0" timestamp="7 Apr 2018 06:29:03 GMT" time="0.031" errors="0">
  <testcase name="SampleIAP" time="0.031" classname="wibmo.app.testScripts.IAP_Payment.SampleIAP"/>
</testsuite> <!-- wibmo.app.testScripts.IAP_Payment.SampleIAP -->
